[02:18:06] [ServerMain/INFO]: Environment: Environment[sessionHost=https://sessionserver.mojang.com, servicesHost=https://api.minecraftservices.com, name=PROD]
[02:18:06] [ServerMain/INFO]: Found new data pack file/bukkit, loading it automatically
[02:18:07] [ServerMain/INFO]: No existing world data, creating new world
[02:18:07] [ServerMain/INFO]: Loaded 1174 recipes
[02:18:08] [ServerMain/INFO]: Loaded 1271 advancements
[02:18:08] [Server thread/INFO]: Starting minecraft server version 1.20.4
[02:18:08] [Server thread/INFO]: Loading properties
[02:18:08] [Server thread/INFO]: This server is running Paper version git-Paper-499 (MC: 1.20.4) (Implementing API version 1.20.4-R0.1-SNAPSHOT) (Git: 9de3f75 on ver/1.20.4)
[02:18:09] [Server thread/INFO]: Using 4 threads for Netty based IO
[02:18:09] [Server thread/INFO]: Server Ping Player Sample Count: 12
[02:18:09] [Server thread/WARN]: [!] The timings profiler has been enabled but has been scheduled for removal from Paper in the future.
    We recommend installing the spark profiler as a replacement: https://spark.lucko.me/
    For more information please visit: https://github.com/PaperMC/Paper/issues/8948
[02:18:09] [Server thread/INFO]: [ChunkTaskScheduler] Chunk system is using 1 I/O threads, 3 worker threads, and gen parallelism of 3 threads
[02:18:09] [Server thread/INFO]: Default game type: SURVIVAL
[02:18:09] [Server thread/INFO]: Generating keypair
[02:18:09] [Server thread/INFO]: Starting Minecraft server on *:25565
[02:18:09] [Server thread/INFO]: Using default channel type
[02:18:09] [Server thread/INFO]: Paper: Using Java compression from Velocity.
[02:18:09] [Server thread/INFO]: Paper: Using Java cipher from Velocity.
[02:18:09] [Server thread/INFO]: [dete-ktor] Loading server plugin dete-ktor v1.0
[02:18:09] [Server thread/INFO]: Server permissions file permissions.yml is empty, ignoring it
[02:18:09] [Server thread/INFO]: Preparing level "world"
[02:18:14] [Server thread/INFO]: Preparing start region for dimension minecraft:overworld
[02:18:14] [Server thread/INFO]: Time elapsed: 82 ms
[02:18:14] [Server thread/INFO]: Preparing start region for dimension minecraft:the_nether
[02:18:14] [Server thread/INFO]: Time elapsed: 67 ms
[02:18:14] [Server thread/INFO]: Preparing start region for dimension minecraft:the_end
[02:18:14] [Server thread/INFO]: Time elapsed: 94 ms
[02:18:14] [Server thread/INFO]: [dete-ktor] Enabling dete-ktor v1.0
[02:18:15] [Server thread/INFO]: [io.ktor.server.Application] Autoreload is disabled because the development mode is off.
[02:18:16] [Server thread/INFO]: [io.ktor.server.Application] Application started in 0.979 seconds.
[02:18:16] [DefaultDispatcher-worker-2/INFO]: [io.ktor.server.Application] Responding at http://127.0.0.1:3280
[02:38:13] [eventLoopGroupProxy-4-1/ERROR]: [io.ktor.server.Application] Unhandled: GET - /favicon.ico
java.lang.IllegalArgumentException: Invalid UUID string: favicon.ico
	at java.util.UUID.fromString1(UUID.java:282) ~[?:?]
	at java.util.UUID.fromString(UUID.java:260) ~[?:?]
	at ru.spfort.web.RoutingKt$configureRouting$1$1.invokeSuspend(Routing.kt:15) ~[dete-ktor-all.jar:?]
	at ru.spfort.web.RoutingKt$configureRouting$1$1.invoke(Routing.kt) ~[dete-ktor-all.jar:?]
	at ru.spfort.web.RoutingKt$configureRouting$1$1.invoke(Routing.kt) ~[dete-ktor-all.jar:?]
	at io.ktor.server.routing.RoutingNode$buildPipeline$1$1.invokeSuspend(RoutingNode.kt:116) ~[dete-ktor-all.jar:?]
	at io.ktor.server.routing.RoutingNode$buildPipeline$1$1.invoke(RoutingNode.kt) ~[dete-ktor-all.jar:?]
	at io.ktor.server.routing.RoutingNode$buildPipeline$1$1.invoke(RoutingNode.kt) ~[dete-ktor-all.jar:?]
	at io.ktor.util.pipeline.PipelineJvmKt.pipelineStartCoroutineUninterceptedOrReturn(PipelineJvm.kt:15) ~[dete-ktor-all.jar:?]
	at io.ktor.util.pipeline.SuspendFunctionGun.loop(SuspendFunctionGun.kt:131) ~[dete-ktor-all.jar:?]
	at io.ktor.util.pipeline.SuspendFunctionGun.proceed(SuspendFunctionGun.kt:89) ~[dete-ktor-all.jar:?]
	at io.ktor.util.pipeline.SuspendFunctionGun.execute$ktor_utils(SuspendFunctionGun.kt:109) ~[dete-ktor-all.jar:?]
	at io.ktor.util.pipeline.Pipeline.execute(Pipeline.kt:79) ~[dete-ktor-all.jar:?]
	at io.ktor.server.routing.RoutingRoot$executeResult$$inlined$execute$1.invokeSuspend(Pipeline.kt:481) ~[dete-ktor-all.jar:?]
	at io.ktor.server.routing.RoutingRoot$executeResult$$inlined$execute$1.invoke(Pipeline.kt) ~[dete-ktor-all.jar:?]
	at io.ktor.server.routing.RoutingRoot$executeResult$$inlined$execute$1.invoke(Pipeline.kt) ~[dete-ktor-all.jar:?]
	at io.ktor.util.debug.ContextUtilsKt.initContextInDebugMode(ContextUtils.kt:17) ~[dete-ktor-all.jar:?]
	at io.ktor.server.routing.RoutingRoot.executeResult(RoutingRoot.kt:193) ~[dete-ktor-all.jar:?]
	at io.ktor.server.routing.RoutingRoot.interceptor(RoutingRoot.kt:66) ~[dete-ktor-all.jar:?]
	at io.ktor.server.routing.RoutingRoot$Plugin$install$1.invokeSuspend(RoutingRoot.kt:143) ~[dete-ktor-all.jar:?]
	at io.ktor.server.routing.RoutingRoot$Plugin$install$1.invoke(RoutingRoot.kt) ~[dete-ktor-all.jar:?]
	at io.ktor.server.routing.RoutingRoot$Plugin$install$1.invoke(RoutingRoot.kt) ~[dete-ktor-all.jar:?]
	at io.ktor.util.pipeline.PipelineJvmKt.pipelineStartCoroutineUninterceptedOrReturn(PipelineJvm.kt:15) ~[dete-ktor-all.jar:?]
	at io.ktor.util.pipeline.SuspendFunctionGun.loop(SuspendFunctionGun.kt:131) ~[dete-ktor-all.jar:?]
	at io.ktor.util.pipeline.SuspendFunctionGun.proceed(SuspendFunctionGun.kt:89) ~[dete-ktor-all.jar:?]
	at io.ktor.server.engine.BaseApplicationEngineKt$installDefaultTransformationChecker$1.invokeSuspend(BaseApplicationEngine.kt:112) ~[dete-ktor-all.jar:?]
	at io.ktor.server.engine.BaseApplicationEngineKt$installDefaultTransformationChecker$1.invoke(BaseApplicationEngine.kt) ~[dete-ktor-all.jar:?]
	at io.ktor.server.engine.BaseApplicationEngineKt$installDefaultTransformationChecker$1.invoke(BaseApplicationEngine.kt) ~[dete-ktor-all.jar:?]
	at io.ktor.util.pipeline.PipelineJvmKt.pipelineStartCoroutineUninterceptedOrReturn(PipelineJvm.kt:15) ~[dete-ktor-all.jar:?]
	at io.ktor.util.pipeline.SuspendFunctionGun.loop(SuspendFunctionGun.kt:131) ~[dete-ktor-all.jar:?]
	at io.ktor.util.pipeline.SuspendFunctionGun.proceed(SuspendFunctionGun.kt:89) ~[dete-ktor-all.jar:?]
	at io.ktor.util.pipeline.SuspendFunctionGun.execute$ktor_utils(SuspendFunctionGun.kt:109) ~[dete-ktor-all.jar:?]
	at io.ktor.util.pipeline.Pipeline.execute(Pipeline.kt:79) ~[dete-ktor-all.jar:?]
	at io.ktor.server.engine.DefaultEnginePipelineKt$defaultEnginePipeline$1$invokeSuspend$$inlined$execute$1.invokeSuspend(Pipeline.kt:481) ~[dete-ktor-all.jar:?]
	at io.ktor.server.engine.DefaultEnginePipelineKt$defaultEnginePipeline$1$invokeSuspend$$inlined$execute$1.invoke(Pipeline.kt) ~[dete-ktor-all.jar:?]
	at io.ktor.server.engine.DefaultEnginePipelineKt$defaultEnginePipeline$1$invokeSuspend$$inlined$execute$1.invoke(Pipeline.kt) ~[dete-ktor-all.jar:?]
	at io.ktor.util.debug.ContextUtilsKt.initContextInDebugMode(ContextUtils.kt:17) ~[dete-ktor-all.jar:?]
	at io.ktor.server.engine.DefaultEnginePipelineKt$defaultEnginePipeline$1.invokeSuspend(DefaultEnginePipeline.kt:123) ~[dete-ktor-all.jar:?]
	at io.ktor.server.engine.DefaultEnginePipelineKt$defaultEnginePipeline$1.invoke(DefaultEnginePipeline.kt) ~[dete-ktor-all.jar:?]
	at io.ktor.server.engine.DefaultEnginePipelineKt$defaultEnginePipeline$1.invoke(DefaultEnginePipeline.kt) ~[dete-ktor-all.jar:?]
	at io.ktor.util.pipeline.PipelineJvmKt.pipelineStartCoroutineUninterceptedOrReturn(PipelineJvm.kt:15) ~[dete-ktor-all.jar:?]
	at io.ktor.util.pipeline.SuspendFunctionGun.loop(SuspendFunctionGun.kt:131) ~[dete-ktor-all.jar:?]
	at io.ktor.util.pipeline.SuspendFunctionGun.proceed(SuspendFunctionGun.kt:89) ~[dete-ktor-all.jar:?]
	at io.ktor.util.pipeline.SuspendFunctionGun.execute$ktor_utils(SuspendFunctionGun.kt:109) ~[dete-ktor-all.jar:?]
	at io.ktor.util.pipeline.Pipeline.execute(Pipeline.kt:79) ~[dete-ktor-all.jar:?]
	at io.ktor.server.netty.NettyApplicationCallHandler$handleRequest$1$invokeSuspend$$inlined$execute$1.invokeSuspend(Pipeline.kt:481) ~[dete-ktor-all.jar:?]
	at io.ktor.server.netty.NettyApplicationCallHandler$handleRequest$1$invokeSuspend$$inlined$execute$1.invoke(Pipeline.kt) ~[dete-ktor-all.jar:?]
	at io.ktor.server.netty.NettyApplicationCallHandler$handleRequest$1$invokeSuspend$$inlined$execute$1.invoke(Pipeline.kt) ~[dete-ktor-all.jar:?]
	at io.ktor.util.debug.ContextUtilsKt.initContextInDebugMode(ContextUtils.kt:17) ~[dete-ktor-all.jar:?]
	at io.ktor.server.netty.NettyApplicationCallHandler$handleRequest$1.invokeSuspend(NettyApplicationCallHandler.kt:140) ~[dete-ktor-all.jar:?]
	at io.ktor.server.netty.NettyApplicationCallHandler$handleRequest$1.invoke(NettyApplicationCallHandler.kt) ~[dete-ktor-all.jar:?]
	at io.ktor.server.netty.NettyApplicationCallHandler$handleRequest$1.invoke(NettyApplicationCallHandler.kt) ~[dete-ktor-all.jar:?]
	at kotlinx.coroutines.intrinsics.UndispatchedKt.startCoroutineUndispatched(Undispatched.kt:20) ~[dete-ktor-all.jar:?]
	at kotlinx.coroutines.CoroutineStart.invoke(CoroutineStart.kt:360) ~[dete-ktor-all.jar:?]
	at kotlinx.coroutines.AbstractCoroutine.start(AbstractCoroutine.kt:124) ~[dete-ktor-all.jar:?]
	at kotlinx.coroutines.BuildersKt__Builders_commonKt.launch(Builders.common.kt:52) ~[dete-ktor-all.jar:?]
	at kotlinx.coroutines.BuildersKt.launch(Unknown Source) ~[dete-ktor-all.jar:?]
	at io.ktor.server.netty.NettyApplicationCallHandler.handleRequest(NettyApplicationCallHandler.kt:41) ~[dete-ktor-all.jar:?]
	at io.ktor.server.netty.NettyApplicationCallHandler.channelRead(NettyApplicationCallHandler.kt:33) ~[dete-ktor-all.jar:?]
	at io.netty.channel.AbstractChannelHandlerContext.invokeChannelRead(AbstractChannelHandlerContext.java:444) ~[netty-transport-4.1.97.Final.jar:4.1.97.Final]
	at io.netty.channel.AbstractChannelHandlerContext.access$600(AbstractChannelHandlerContext.java:61) ~[netty-transport-4.1.97.Final.jar:4.1.97.Final]
	at io.netty.channel.AbstractChannelHandlerContext$7.run(AbstractChannelHandlerContext.java:425) ~[netty-transport-4.1.97.Final.jar:4.1.97.Final]
	at io.netty.util.concurrent.AbstractEventExecutor.runTask(AbstractEventExecutor.java:174) ~[netty-common-4.1.97.Final.jar:4.1.97.Final]
	at io.netty.util.concurrent.AbstractEventExecutor.safeExecute(AbstractEventExecutor.java:167) ~[netty-common-4.1.97.Final.jar:4.1.97.Final]
	at io.netty.util.concurrent.SingleThreadEventExecutor.runAllTasks(SingleThreadEventExecutor.java:470) ~[netty-common-4.1.97.Final.jar:4.1.97.Final]
	at io.netty.channel.nio.NioEventLoop.run(NioEventLoop.java:569) ~[netty-transport-4.1.97.Final.jar:4.1.97.Final]
	at io.netty.util.concurrent.SingleThreadEventExecutor$4.run(SingleThreadEventExecutor.java:997) ~[netty-common-4.1.97.Final.jar:4.1.97.Final]
	at io.netty.util.internal.ThreadExecutorMap$2.run(ThreadExecutorMap.java:74) ~[netty-common-4.1.97.Final.jar:4.1.97.Final]
	at io.netty.util.concurrent.FastThreadLocalRunnable.run(FastThreadLocalRunnable.java:30) ~[netty-common-4.1.97.Final.jar:4.1.97.Final]
	at java.lang.Thread.run(Thread.java:1583) ~[?:?]
[02:38:36] [eventLoopGroupProxy-4-1/ERROR]: [io.ktor.server.Application] Unhandled: GET - /12345
java.lang.IllegalArgumentException: Invalid UUID string: 12345
	at java.util.UUID.fromString1(UUID.java:282) ~[?:?]
	at java.util.UUID.fromString(UUID.java:260) ~[?:?]
	at ru.spfort.web.RoutingKt$configureRouting$1$1.invokeSuspend(Routing.kt:15) ~[dete-ktor-all.jar:?]
	at ru.spfort.web.RoutingKt$configureRouting$1$1.invoke(Routing.kt) ~[dete-ktor-all.jar:?]
	at ru.spfort.web.RoutingKt$configureRouting$1$1.invoke(Routing.kt) ~[dete-ktor-all.jar:?]
	at io.ktor.server.routing.RoutingNode$buildPipeline$1$1.invokeSuspend(RoutingNode.kt:116) ~[dete-ktor-all.jar:?]
	at io.ktor.server.routing.RoutingNode$buildPipeline$1$1.invoke(RoutingNode.kt) ~[dete-ktor-all.jar:?]
	at io.ktor.server.routing.RoutingNode$buildPipeline$1$1.invoke(RoutingNode.kt) ~[dete-ktor-all.jar:?]
	at io.ktor.util.pipeline.PipelineJvmKt.pipelineStartCoroutineUninterceptedOrReturn(PipelineJvm.kt:15) ~[dete-ktor-all.jar:?]
	at io.ktor.util.pipeline.SuspendFunctionGun.loop(SuspendFunctionGun.kt:131) ~[dete-ktor-all.jar:?]
	at io.ktor.util.pipeline.SuspendFunctionGun.proceed(SuspendFunctionGun.kt:89) ~[dete-ktor-all.jar:?]
	at io.ktor.util.pipeline.SuspendFunctionGun.execute$ktor_utils(SuspendFunctionGun.kt:109) ~[dete-ktor-all.jar:?]
	at io.ktor.util.pipeline.Pipeline.execute(Pipeline.kt:79) ~[dete-ktor-all.jar:?]
	at io.ktor.server.routing.RoutingRoot$executeResult$$inlined$execute$1.invokeSuspend(Pipeline.kt:481) ~[dete-ktor-all.jar:?]
	at io.ktor.server.routing.RoutingRoot$executeResult$$inlined$execute$1.invoke(Pipeline.kt) ~[dete-ktor-all.jar:?]
	at io.ktor.server.routing.RoutingRoot$executeResult$$inlined$execute$1.invoke(Pipeline.kt) ~[dete-ktor-all.jar:?]
	at io.ktor.util.debug.ContextUtilsKt.initContextInDebugMode(ContextUtils.kt:17) ~[dete-ktor-all.jar:?]
	at io.ktor.server.routing.RoutingRoot.executeResult(RoutingRoot.kt:193) ~[dete-ktor-all.jar:?]
	at io.ktor.server.routing.RoutingRoot.interceptor(RoutingRoot.kt:66) ~[dete-ktor-all.jar:?]
	at io.ktor.server.routing.RoutingRoot$Plugin$install$1.invokeSuspend(RoutingRoot.kt:143) ~[dete-ktor-all.jar:?]
	at io.ktor.server.routing.RoutingRoot$Plugin$install$1.invoke(RoutingRoot.kt) ~[dete-ktor-all.jar:?]
	at io.ktor.server.routing.RoutingRoot$Plugin$install$1.invoke(RoutingRoot.kt) ~[dete-ktor-all.jar:?]
	at io.ktor.util.pipeline.PipelineJvmKt.pipelineStartCoroutineUninterceptedOrReturn(PipelineJvm.kt:15) ~[dete-ktor-all.jar:?]
	at io.ktor.util.pipeline.SuspendFunctionGun.loop(SuspendFunctionGun.kt:131) ~[dete-ktor-all.jar:?]
	at io.ktor.util.pipeline.SuspendFunctionGun.proceed(SuspendFunctionGun.kt:89) ~[dete-ktor-all.jar:?]
	at io.ktor.server.engine.BaseApplicationEngineKt$installDefaultTransformationChecker$1.invokeSuspend(BaseApplicationEngine.kt:112) ~[dete-ktor-all.jar:?]
	at io.ktor.server.engine.BaseApplicationEngineKt$installDefaultTransformationChecker$1.invoke(BaseApplicationEngine.kt) ~[dete-ktor-all.jar:?]
	at io.ktor.server.engine.BaseApplicationEngineKt$installDefaultTransformationChecker$1.invoke(BaseApplicationEngine.kt) ~[dete-ktor-all.jar:?]
	at io.ktor.util.pipeline.PipelineJvmKt.pipelineStartCoroutineUninterceptedOrReturn(PipelineJvm.kt:15) ~[dete-ktor-all.jar:?]
	at io.ktor.util.pipeline.SuspendFunctionGun.loop(SuspendFunctionGun.kt:131) ~[dete-ktor-all.jar:?]
	at io.ktor.util.pipeline.SuspendFunctionGun.proceed(SuspendFunctionGun.kt:89) ~[dete-ktor-all.jar:?]
	at io.ktor.util.pipeline.SuspendFunctionGun.execute$ktor_utils(SuspendFunctionGun.kt:109) ~[dete-ktor-all.jar:?]
	at io.ktor.util.pipeline.Pipeline.execute(Pipeline.kt:79) ~[dete-ktor-all.jar:?]
	at io.ktor.server.engine.DefaultEnginePipelineKt$defaultEnginePipeline$1$invokeSuspend$$inlined$execute$1.invokeSuspend(Pipeline.kt:481) ~[dete-ktor-all.jar:?]
	at io.ktor.server.engine.DefaultEnginePipelineKt$defaultEnginePipeline$1$invokeSuspend$$inlined$execute$1.invoke(Pipeline.kt) ~[dete-ktor-all.jar:?]
	at io.ktor.server.engine.DefaultEnginePipelineKt$defaultEnginePipeline$1$invokeSuspend$$inlined$execute$1.invoke(Pipeline.kt) ~[dete-ktor-all.jar:?]
	at io.ktor.util.debug.ContextUtilsKt.initContextInDebugMode(ContextUtils.kt:17) ~[dete-ktor-all.jar:?]
	at io.ktor.server.engine.DefaultEnginePipelineKt$defaultEnginePipeline$1.invokeSuspend(DefaultEnginePipeline.kt:123) ~[dete-ktor-all.jar:?]
	at io.ktor.server.engine.DefaultEnginePipelineKt$defaultEnginePipeline$1.invoke(DefaultEnginePipeline.kt) ~[dete-ktor-all.jar:?]
	at io.ktor.server.engine.DefaultEnginePipelineKt$defaultEnginePipeline$1.invoke(DefaultEnginePipeline.kt) ~[dete-ktor-all.jar:?]
	at io.ktor.util.pipeline.PipelineJvmKt.pipelineStartCoroutineUninterceptedOrReturn(PipelineJvm.kt:15) ~[dete-ktor-all.jar:?]
	at io.ktor.util.pipeline.SuspendFunctionGun.loop(SuspendFunctionGun.kt:131) ~[dete-ktor-all.jar:?]
	at io.ktor.util.pipeline.SuspendFunctionGun.proceed(SuspendFunctionGun.kt:89) ~[dete-ktor-all.jar:?]
	at io.ktor.util.pipeline.SuspendFunctionGun.execute$ktor_utils(SuspendFunctionGun.kt:109) ~[dete-ktor-all.jar:?]
	at io.ktor.util.pipeline.Pipeline.execute(Pipeline.kt:79) ~[dete-ktor-all.jar:?]
	at io.ktor.server.netty.NettyApplicationCallHandler$handleRequest$1$invokeSuspend$$inlined$execute$1.invokeSuspend(Pipeline.kt:481) ~[dete-ktor-all.jar:?]
	at io.ktor.server.netty.NettyApplicationCallHandler$handleRequest$1$invokeSuspend$$inlined$execute$1.invoke(Pipeline.kt) ~[dete-ktor-all.jar:?]
	at io.ktor.server.netty.NettyApplicationCallHandler$handleRequest$1$invokeSuspend$$inlined$execute$1.invoke(Pipeline.kt) ~[dete-ktor-all.jar:?]
	at io.ktor.util.debug.ContextUtilsKt.initContextInDebugMode(ContextUtils.kt:17) ~[dete-ktor-all.jar:?]
	at io.ktor.server.netty.NettyApplicationCallHandler$handleRequest$1.invokeSuspend(NettyApplicationCallHandler.kt:140) ~[dete-ktor-all.jar:?]
	at io.ktor.server.netty.NettyApplicationCallHandler$handleRequest$1.invoke(NettyApplicationCallHandler.kt) ~[dete-ktor-all.jar:?]
	at io.ktor.server.netty.NettyApplicationCallHandler$handleRequest$1.invoke(NettyApplicationCallHandler.kt) ~[dete-ktor-all.jar:?]
	at kotlinx.coroutines.intrinsics.UndispatchedKt.startCoroutineUndispatched(Undispatched.kt:20) ~[dete-ktor-all.jar:?]
	at kotlinx.coroutines.CoroutineStart.invoke(CoroutineStart.kt:360) ~[dete-ktor-all.jar:?]
	at kotlinx.coroutines.AbstractCoroutine.start(AbstractCoroutine.kt:124) ~[dete-ktor-all.jar:?]
	at kotlinx.coroutines.BuildersKt__Builders_commonKt.launch(Builders.common.kt:52) ~[dete-ktor-all.jar:?]
	at kotlinx.coroutines.BuildersKt.launch(Unknown Source) ~[dete-ktor-all.jar:?]
	at io.ktor.server.netty.NettyApplicationCallHandler.handleRequest(NettyApplicationCallHandler.kt:41) ~[dete-ktor-all.jar:?]
	at io.ktor.server.netty.NettyApplicationCallHandler.channelRead(NettyApplicationCallHandler.kt:33) ~[dete-ktor-all.jar:?]
	at io.netty.channel.AbstractChannelHandlerContext.invokeChannelRead(AbstractChannelHandlerContext.java:444) ~[netty-transport-4.1.97.Final.jar:4.1.97.Final]
	at io.netty.channel.AbstractChannelHandlerContext.access$600(AbstractChannelHandlerContext.java:61) ~[netty-transport-4.1.97.Final.jar:4.1.97.Final]
	at io.netty.channel.AbstractChannelHandlerContext$7.run(AbstractChannelHandlerContext.java:425) ~[netty-transport-4.1.97.Final.jar:4.1.97.Final]
	at io.netty.util.concurrent.AbstractEventExecutor.runTask(AbstractEventExecutor.java:174) ~[netty-common-4.1.97.Final.jar:4.1.97.Final]
	at io.netty.util.concurrent.AbstractEventExecutor.safeExecute(AbstractEventExecutor.java:167) ~[netty-common-4.1.97.Final.jar:4.1.97.Final]
	at io.netty.util.concurrent.SingleThreadEventExecutor.runAllTasks(SingleThreadEventExecutor.java:470) ~[netty-common-4.1.97.Final.jar:4.1.97.Final]
	at io.netty.channel.nio.NioEventLoop.run(NioEventLoop.java:569) ~[netty-transport-4.1.97.Final.jar:4.1.97.Final]
	at io.netty.util.concurrent.SingleThreadEventExecutor$4.run(SingleThreadEventExecutor.java:997) ~[netty-common-4.1.97.Final.jar:4.1.97.Final]
	at io.netty.util.internal.ThreadExecutorMap$2.run(ThreadExecutorMap.java:74) ~[netty-common-4.1.97.Final.jar:4.1.97.Final]
	at io.netty.util.concurrent.FastThreadLocalRunnable.run(FastThreadLocalRunnable.java:30) ~[netty-common-4.1.97.Final.jar:4.1.97.Final]
	at java.lang.Thread.run(Thread.java:1583) ~[?:?]
[02:38:41] [eventLoopGroupProxy-4-1/ERROR]: [io.ktor.server.Application] Unhandled: GET - /12345
java.lang.IllegalArgumentException: Invalid UUID string: 12345
	at java.util.UUID.fromString1(UUID.java:282) ~[?:?]
	at java.util.UUID.fromString(UUID.java:260) ~[?:?]
	at ru.spfort.web.RoutingKt$configureRouting$1$1.invokeSuspend(Routing.kt:15) ~[dete-ktor-all.jar:?]
	at ru.spfort.web.RoutingKt$configureRouting$1$1.invoke(Routing.kt) ~[dete-ktor-all.jar:?]
	at ru.spfort.web.RoutingKt$configureRouting$1$1.invoke(Routing.kt) ~[dete-ktor-all.jar:?]
	at io.ktor.server.routing.RoutingNode$buildPipeline$1$1.invokeSuspend(RoutingNode.kt:116) ~[dete-ktor-all.jar:?]
	at io.ktor.server.routing.RoutingNode$buildPipeline$1$1.invoke(RoutingNode.kt) ~[dete-ktor-all.jar:?]
	at io.ktor.server.routing.RoutingNode$buildPipeline$1$1.invoke(RoutingNode.kt) ~[dete-ktor-all.jar:?]
	at io.ktor.util.pipeline.PipelineJvmKt.pipelineStartCoroutineUninterceptedOrReturn(PipelineJvm.kt:15) ~[dete-ktor-all.jar:?]
	at io.ktor.util.pipeline.SuspendFunctionGun.loop(SuspendFunctionGun.kt:131) ~[dete-ktor-all.jar:?]
	at io.ktor.util.pipeline.SuspendFunctionGun.proceed(SuspendFunctionGun.kt:89) ~[dete-ktor-all.jar:?]
	at io.ktor.util.pipeline.SuspendFunctionGun.execute$ktor_utils(SuspendFunctionGun.kt:109) ~[dete-ktor-all.jar:?]
	at io.ktor.util.pipeline.Pipeline.execute(Pipeline.kt:79) ~[dete-ktor-all.jar:?]
	at io.ktor.server.routing.RoutingRoot$executeResult$$inlined$execute$1.invokeSuspend(Pipeline.kt:481) ~[dete-ktor-all.jar:?]
	at io.ktor.server.routing.RoutingRoot$executeResult$$inlined$execute$1.invoke(Pipeline.kt) ~[dete-ktor-all.jar:?]
	at io.ktor.server.routing.RoutingRoot$executeResult$$inlined$execute$1.invoke(Pipeline.kt) ~[dete-ktor-all.jar:?]
	at io.ktor.util.debug.ContextUtilsKt.initContextInDebugMode(ContextUtils.kt:17) ~[dete-ktor-all.jar:?]
	at io.ktor.server.routing.RoutingRoot.executeResult(RoutingRoot.kt:193) ~[dete-ktor-all.jar:?]
	at io.ktor.server.routing.RoutingRoot.interceptor(RoutingRoot.kt:66) ~[dete-ktor-all.jar:?]
	at io.ktor.server.routing.RoutingRoot$Plugin$install$1.invokeSuspend(RoutingRoot.kt:143) ~[dete-ktor-all.jar:?]
	at io.ktor.server.routing.RoutingRoot$Plugin$install$1.invoke(RoutingRoot.kt) ~[dete-ktor-all.jar:?]
	at io.ktor.server.routing.RoutingRoot$Plugin$install$1.invoke(RoutingRoot.kt) ~[dete-ktor-all.jar:?]
	at io.ktor.util.pipeline.PipelineJvmKt.pipelineStartCoroutineUninterceptedOrReturn(PipelineJvm.kt:15) ~[dete-ktor-all.jar:?]
	at io.ktor.util.pipeline.SuspendFunctionGun.loop(SuspendFunctionGun.kt:131) ~[dete-ktor-all.jar:?]
	at io.ktor.util.pipeline.SuspendFunctionGun.proceed(SuspendFunctionGun.kt:89) ~[dete-ktor-all.jar:?]
	at io.ktor.server.engine.BaseApplicationEngineKt$installDefaultTransformationChecker$1.invokeSuspend(BaseApplicationEngine.kt:112) ~[dete-ktor-all.jar:?]
	at io.ktor.server.engine.BaseApplicationEngineKt$installDefaultTransformationChecker$1.invoke(BaseApplicationEngine.kt) ~[dete-ktor-all.jar:?]
	at io.ktor.server.engine.BaseApplicationEngineKt$installDefaultTransformationChecker$1.invoke(BaseApplicationEngine.kt) ~[dete-ktor-all.jar:?]
	at io.ktor.util.pipeline.PipelineJvmKt.pipelineStartCoroutineUninterceptedOrReturn(PipelineJvm.kt:15) ~[dete-ktor-all.jar:?]
	at io.ktor.util.pipeline.SuspendFunctionGun.loop(SuspendFunctionGun.kt:131) ~[dete-ktor-all.jar:?]
	at io.ktor.util.pipeline.SuspendFunctionGun.proceed(SuspendFunctionGun.kt:89) ~[dete-ktor-all.jar:?]
	at io.ktor.util.pipeline.SuspendFunctionGun.execute$ktor_utils(SuspendFunctionGun.kt:109) ~[dete-ktor-all.jar:?]
	at io.ktor.util.pipeline.Pipeline.execute(Pipeline.kt:79) ~[dete-ktor-all.jar:?]
	at io.ktor.server.engine.DefaultEnginePipelineKt$defaultEnginePipeline$1$invokeSuspend$$inlined$execute$1.invokeSuspend(Pipeline.kt:481) ~[dete-ktor-all.jar:?]
	at io.ktor.server.engine.DefaultEnginePipelineKt$defaultEnginePipeline$1$invokeSuspend$$inlined$execute$1.invoke(Pipeline.kt) ~[dete-ktor-all.jar:?]
	at io.ktor.server.engine.DefaultEnginePipelineKt$defaultEnginePipeline$1$invokeSuspend$$inlined$execute$1.invoke(Pipeline.kt) ~[dete-ktor-all.jar:?]
	at io.ktor.util.debug.ContextUtilsKt.initContextInDebugMode(ContextUtils.kt:17) ~[dete-ktor-all.jar:?]
	at io.ktor.server.engine.DefaultEnginePipelineKt$defaultEnginePipeline$1.invokeSuspend(DefaultEnginePipeline.kt:123) ~[dete-ktor-all.jar:?]
	at io.ktor.server.engine.DefaultEnginePipelineKt$defaultEnginePipeline$1.invoke(DefaultEnginePipeline.kt) ~[dete-ktor-all.jar:?]
	at io.ktor.server.engine.DefaultEnginePipelineKt$defaultEnginePipeline$1.invoke(DefaultEnginePipeline.kt) ~[dete-ktor-all.jar:?]
	at io.ktor.util.pipeline.PipelineJvmKt.pipelineStartCoroutineUninterceptedOrReturn(PipelineJvm.kt:15) ~[dete-ktor-all.jar:?]
	at io.ktor.util.pipeline.SuspendFunctionGun.loop(SuspendFunctionGun.kt:131) ~[dete-ktor-all.jar:?]
	at io.ktor.util.pipeline.SuspendFunctionGun.proceed(SuspendFunctionGun.kt:89) ~[dete-ktor-all.jar:?]
	at io.ktor.util.pipeline.SuspendFunctionGun.execute$ktor_utils(SuspendFunctionGun.kt:109) ~[dete-ktor-all.jar:?]
	at io.ktor.util.pipeline.Pipeline.execute(Pipeline.kt:79) ~[dete-ktor-all.jar:?]
	at io.ktor.server.netty.NettyApplicationCallHandler$handleRequest$1$invokeSuspend$$inlined$execute$1.invokeSuspend(Pipeline.kt:481) ~[dete-ktor-all.jar:?]
	at io.ktor.server.netty.NettyApplicationCallHandler$handleRequest$1$invokeSuspend$$inlined$execute$1.invoke(Pipeline.kt) ~[dete-ktor-all.jar:?]
	at io.ktor.server.netty.NettyApplicationCallHandler$handleRequest$1$invokeSuspend$$inlined$execute$1.invoke(Pipeline.kt) ~[dete-ktor-all.jar:?]
	at io.ktor.util.debug.ContextUtilsKt.initContextInDebugMode(ContextUtils.kt:17) ~[dete-ktor-all.jar:?]
	at io.ktor.server.netty.NettyApplicationCallHandler$handleRequest$1.invokeSuspend(NettyApplicationCallHandler.kt:140) ~[dete-ktor-all.jar:?]
	at io.ktor.server.netty.NettyApplicationCallHandler$handleRequest$1.invoke(NettyApplicationCallHandler.kt) ~[dete-ktor-all.jar:?]
	at io.ktor.server.netty.NettyApplicationCallHandler$handleRequest$1.invoke(NettyApplicationCallHandler.kt) ~[dete-ktor-all.jar:?]
	at kotlinx.coroutines.intrinsics.UndispatchedKt.startCoroutineUndispatched(Undispatched.kt:20) ~[dete-ktor-all.jar:?]
	at kotlinx.coroutines.CoroutineStart.invoke(CoroutineStart.kt:360) ~[dete-ktor-all.jar:?]
	at kotlinx.coroutines.AbstractCoroutine.start(AbstractCoroutine.kt:124) ~[dete-ktor-all.jar:?]
	at kotlinx.coroutines.BuildersKt__Builders_commonKt.launch(Builders.common.kt:52) ~[dete-ktor-all.jar:?]
	at kotlinx.coroutines.BuildersKt.launch(Unknown Source) ~[dete-ktor-all.jar:?]
	at io.ktor.server.netty.NettyApplicationCallHandler.handleRequest(NettyApplicationCallHandler.kt:41) ~[dete-ktor-all.jar:?]
	at io.ktor.server.netty.NettyApplicationCallHandler.channelRead(NettyApplicationCallHandler.kt:33) ~[dete-ktor-all.jar:?]
	at io.netty.channel.AbstractChannelHandlerContext.invokeChannelRead(AbstractChannelHandlerContext.java:444) ~[netty-transport-4.1.97.Final.jar:4.1.97.Final]
	at io.netty.channel.AbstractChannelHandlerContext.access$600(AbstractChannelHandlerContext.java:61) ~[netty-transport-4.1.97.Final.jar:4.1.97.Final]
	at io.netty.channel.AbstractChannelHandlerContext$7.run(AbstractChannelHandlerContext.java:425) ~[netty-transport-4.1.97.Final.jar:4.1.97.Final]
	at io.netty.util.concurrent.AbstractEventExecutor.runTask(AbstractEventExecutor.java:174) ~[netty-common-4.1.97.Final.jar:4.1.97.Final]
	at io.netty.util.concurrent.AbstractEventExecutor.safeExecute(AbstractEventExecutor.java:167) ~[netty-common-4.1.97.Final.jar:4.1.97.Final]
	at io.netty.util.concurrent.SingleThreadEventExecutor.runAllTasks(SingleThreadEventExecutor.java:470) ~[netty-common-4.1.97.Final.jar:4.1.97.Final]
	at io.netty.channel.nio.NioEventLoop.run(NioEventLoop.java:569) ~[netty-transport-4.1.97.Final.jar:4.1.97.Final]
	at io.netty.util.concurrent.SingleThreadEventExecutor$4.run(SingleThreadEventExecutor.java:997) ~[netty-common-4.1.97.Final.jar:4.1.97.Final]
	at io.netty.util.internal.ThreadExecutorMap$2.run(ThreadExecutorMap.java:74) ~[netty-common-4.1.97.Final.jar:4.1.97.Final]
	at io.netty.util.concurrent.FastThreadLocalRunnable.run(FastThreadLocalRunnable.java:30) ~[netty-common-4.1.97.Final.jar:4.1.97.Final]
	at java.lang.Thread.run(Thread.java:1583) ~[?:?]
